commit ab0a9e6098c9efb8c712365905ad39496263e6b7
Author: Abad <abadchambi@gmail.com>
Date:   Fri May 1 23:46:00 2020 -0400

    caracteristica 5 - release 1

commit f4c041896d3a3f9f3402a6fed09ef6c3a015a2b6
Author: Abad <abadchambi@gmail.com>
Date:   Fri May 1 23:44:46 2020 -0400

    caracteristica 4 - release 1

commit 530d9d0b64008679dde8d578528506afdbd8b83b
Author: Abad <abadchambi@gmail.com>
Date:   Fri May 1 23:42:02 2020 -0400

    caracteristica 3 - release 1

commit 90322d1473e7a024be24858e468803e10263643e
Author: Abad <abadchambi@gmail.com>
Date:   Fri May 1 23:39:13 2020 -0400

    caracteristica 2 - release 1

commit 7d960283945945c677b84c28b186f1d7d1f5e532
Author: Abad <abadchambi@gmail.com>
Date:   Fri May 1 23:25:55 2020 -0400

    caracteristica 1 - release 1

commit 559abb65066eadb71d077357a67b18d177058595
Author: Abad <abadchambi@gmail.com>
Date:   Fri May 1 23:21:32 2020 -0400

    empecemos
